2026-07-03 07:46:05: -- Analysis Started by On File Change, After Delay
2026-07-03 07:46:05: Changes: 10, Conflicts: 0, CopyTime: 0, FixState: 0, Errors: 0, All: 27
2026-07-03 07:46:05: Left to Right: Copy File: 10 
2026-07-03 07:46:05: == Sync Started by On File Change, After Delay
2026-07-03 07:46:05: ConnectCloned connected to file:///D:/CraftBeacon
2026-07-03 07:46:05: ConnectCloned connected to file:///D:/CraftBeacon
2026-07-03 07:46:05: ConnectCloned connected to file:///D:/CraftBeacon
2026-07-03 07:46:05: ConnectCloned connected to file:///H:/My Drive/CB Website
2026-07-03 07:46:05: ConnectCloned connected to file:///H:/My Drive/CB Website
2026-07-03 07:46:05: ConnectCloned connected to file:///H:/My Drive/CB Website
2026-07-03 07:46:05: Copy New 'D:/CraftBeacon/404.html' -> 'H:/My Drive/CB Website/404.html' (2,996)
2026-07-03 07:46:05: Copy Over 'D:/CraftBeacon/craft.html' -> 'H:/My Drive/CB Website/craft.html' (31,079)
2026-07-03 07:46:05: Copy Over 'D:/CraftBeacon/awareness.html' -> 'H:/My Drive/CB Website/awareness.html' (37,024)
2026-07-03 07:46:05: Copy Over 'D:/CraftBeacon/guide.html' -> 'H:/My Drive/CB Website/guide.html' (28,746)
2026-07-03 07:46:05: Copy Over 'D:/CraftBeacon/index.html' -> 'H:/My Drive/CB Website/index.html' (45,419)
2026-07-03 07:46:05: Copy Over 'D:/CraftBeacon/newsletter.html' -> 'H:/My Drive/CB Website/newsletter.html' (26,238)
2026-07-03 07:46:05: Copy Over 'D:/CraftBeacon/privacy.html' -> 'H:/My Drive/CB Website/privacy.html' (19,408)
2026-07-03 07:46:05: Copy New 'D:/CraftBeacon/robots.txt' -> 'H:/My Drive/CB Website/robots.txt' (332)
2026-07-03 07:46:05: Copy Over 'D:/CraftBeacon/resources.html' -> 'H:/My Drive/CB Website/resources.html' (61,095)
2026-07-03 07:46:05: Copy Over 'D:/CraftBeacon/terms.html' -> 'H:/My Drive/CB Website/terms.html' (16,305)
2026-07-03 07:46:05: Save State File D:/CraftBeacon/_gsdata_/_file_state_v4._gs
2026-07-03 07:46:06: Save State File H:/My Drive/CB Website/_gsdata_/_file_state_v4._gs
2026-07-03 07:46:06: == Sync Complete. Time: 00:00:01, Speed: 0.00/s, OK: 10, Errors: 0
