2026-07-02 20:38:08: -- Analysis Started by On File Change First Full Analyze Upon Folder Connect
2026-07-02 20:38:08: L: Reading State File D:/CraftBeacon/_gsdata_/_file_state_v4._gs
2026-07-02 20:38:08: L: State file does not exist: D:/CraftBeacon/_gsdata_/_file_state_v4._gs
2026-07-02 20:38:08: R: Reading State File H:/My Drive/CB Website/_gsdata_/_file_state_v4._gs
2026-07-02 20:38:08: R: State file does not exist: H:/My Drive/CB Website/_gsdata_/_file_state_v4._gs
2026-07-02 20:38:08: Changes: 23, Conflicts: 0, CopyTime: 0, FixState: 0, Errors: 0, All: 25
2026-07-02 20:38:08: Left to Right: Copy File: 23 
2026-07-02 20:38:08: == Sync Started by On File Change First Full Analyze Upon Folder Connect
2026-07-02 20:38:08: ConnectCloned connected to file:///D:/CraftBeacon
2026-07-02 20:38:08: ConnectCloned connected to file:///D:/CraftBeacon
2026-07-02 20:38:08: ConnectCloned connected to file:///D:/CraftBeacon
2026-07-02 20:38:08: ConnectCloned connected to file:///H:/My Drive/CB Website
2026-07-02 20:38:08: ConnectCloned connected to file:///H:/My Drive/CB Website
2026-07-02 20:38:08: ConnectCloned connected to file:///H:/My Drive/CB Website
2026-07-02 20:38:08: Create Folder H:/My Drive/CB Website/assets
2026-07-02 20:38:08: Copy New 'D:/CraftBeacon/CNAME' -> 'H:/My Drive/CB Website/CNAME' (18)
2026-07-02 20:38:08: > Copy New 'D:/CraftBeacon/assets/CraftBeacon Logo.jpg' -> 'H:/My Drive/CB Website/assets/CraftBeacon Logo.jpg' (7,256,806)
2026-07-02 20:38:08: Copy New 'D:/CraftBeacon/awareness.html' -> 'H:/My Drive/CB Website/awareness.html' (36,870)
2026-07-02 20:38:08: > Copy New 'D:/CraftBeacon/assets/CraftBeacon Logo.png' -> 'H:/My Drive/CB Website/assets/CraftBeacon Logo.png' (17,488,355)
2026-07-02 20:38:08: Copy New 'D:/CraftBeacon/craft.html' -> 'H:/My Drive/CB Website/craft.html' (30,120)
2026-07-02 20:38:08: < Copy New 'D:/CraftBeacon/assets/CraftBeacon Logo.jpg' -> 'H:/My Drive/CB Website/assets/CraftBeacon Logo.jpg' (7,256,806)
2026-07-02 20:38:08: Copy New 'D:/CraftBeacon/assets/CraftBeaconFavIcon.jpg' -> 'H:/My Drive/CB Website/assets/CraftBeaconFavIcon.jpg' (3,014)
2026-07-02 20:38:08: > Copy New 'D:/CraftBeacon/assets/fresnel2.jpg' -> 'H:/My Drive/CB Website/assets/fresnel2.jpg' (3,630,530)
2026-07-02 20:38:08: Copy New 'D:/CraftBeacon/assets/Favicon-NoBG.png' -> 'H:/My Drive/CB Website/assets/Favicon-NoBG.png' (975)
2026-07-02 20:38:09: < Copy New 'D:/CraftBeacon/assets/CraftBeacon Logo.png' -> 'H:/My Drive/CB Website/assets/CraftBeacon Logo.png' (17,488,355)
2026-07-02 20:38:09: < Copy New 'D:/CraftBeacon/assets/fresnel2.jpg' -> 'H:/My Drive/CB Website/assets/fresnel2.jpg' (3,630,530)
2026-07-02 20:38:09: > Copy New 'D:/CraftBeacon/assets/philosophy.jpg' -> 'H:/My Drive/CB Website/assets/philosophy.jpg' (1,701,975)
2026-07-02 20:38:09: Copy New 'D:/CraftBeacon/assets/hero-lighthouse.jpg' -> 'H:/My Drive/CB Website/assets/hero-lighthouse.jpg' (96,896)
2026-07-02 20:38:09: > Copy New 'D:/CraftBeacon/assets/quill-lane.jpg' -> 'H:/My Drive/CB Website/assets/quill-lane.jpg' (4,287,180)
2026-07-02 20:38:09: < Copy New 'D:/CraftBeacon/assets/philosophy.jpg' -> 'H:/My Drive/CB Website/assets/philosophy.jpg' (1,701,975)
2026-07-02 20:38:09: > Copy New 'D:/CraftBeacon/assets/resource-pg.jpg' -> 'H:/My Drive/CB Website/assets/resource-pg.jpg' (2,710,922)
2026-07-02 20:38:09: < Copy New 'D:/CraftBeacon/assets/quill-lane.jpg' -> 'H:/My Drive/CB Website/assets/quill-lane.jpg' (4,287,180)
2026-07-02 20:38:09: < Copy New 'D:/CraftBeacon/assets/resource-pg.jpg' -> 'H:/My Drive/CB Website/assets/resource-pg.jpg' (2,710,922)
2026-07-02 20:38:09: Copy New 'D:/CraftBeacon/assets/Logo-NoBG.png' -> 'H:/My Drive/CB Website/assets/Logo-NoBG.png' (780,487)
2026-07-02 20:38:09: Copy New 'D:/CraftBeacon/dashboard.html' -> 'H:/My Drive/CB Website/dashboard.html' (46,699)
2026-07-02 20:38:09: Copy New 'D:/CraftBeacon/guide.html' -> 'H:/My Drive/CB Website/guide.html' (27,680)
2026-07-02 20:38:09: Copy New 'D:/CraftBeacon/newsletter.html' -> 'H:/My Drive/CB Website/newsletter.html' (25,112)
2026-07-02 20:38:09: Copy New 'D:/CraftBeacon/index.html' -> 'H:/My Drive/CB Website/index.html' (44,276)
2026-07-02 20:38:09: Copy New 'D:/CraftBeacon/privacy.html' -> 'H:/My Drive/CB Website/privacy.html' (18,409)
2026-07-02 20:38:10: Copy New 'D:/CraftBeacon/README.md' -> 'H:/My Drive/CB Website/README.md' (64)
2026-07-02 20:38:10: Close Modified Folder (mod-time, acl): /assets
2026-07-02 20:38:10: Copy New 'D:/CraftBeacon/resources.html' -> 'H:/My Drive/CB Website/resources.html' (61,223)
2026-07-02 20:38:10: Copy New 'D:/CraftBeacon/sitemap.xml' -> 'H:/My Drive/CB Website/sitemap.xml' (698)
2026-07-02 20:38:10: Copy New 'D:/CraftBeacon/terms.html' -> 'H:/My Drive/CB Website/terms.html' (15,376)
2026-07-02 20:38:10: Save State File D:/CraftBeacon/_gsdata_/_file_state_v4._gs
2026-07-02 20:38:10: Save State File H:/My Drive/CB Website/_gsdata_/_file_state_v4._gs
2026-07-02 20:38:10: == Sync Complete. Time: 00:00:02, Speed: 0.00/s, OK: 23, Errors: 0
