2026-07-03 07:23:17: -- Analysis Started by On File Change Incremental
2026-07-03 07:23:17: L: Reading State File D:/CraftBeacon/_gsdata_/_file_state_v4._gs
2026-07-03 07:23:17: R: Reading State File H:/My Drive/CB Website/_gsdata_/_file_state_v4._gs
2026-07-03 07:23:17: Changes: 5, Conflicts: 0, CopyTime: 0, FixState: 0, Errors: 0, All: 25
2026-07-03 07:23:17: Left to Right: Copy File: 5 
2026-07-03 07:23:17: == Sync Started by On File Change Incremental
2026-07-03 07:23:17: ConnectCloned connected to file:///D:/CraftBeacon
2026-07-03 07:23:17: ConnectCloned connected to file:///D:/CraftBeacon
2026-07-03 07:23:17: ConnectCloned connected to file:///D:/CraftBeacon
2026-07-03 07:23:17: ConnectCloned connected to file:///H:/My Drive/CB Website
2026-07-03 07:23:17: ConnectCloned connected to file:///H:/My Drive/CB Website
2026-07-03 07:23:17: ConnectCloned connected to file:///H:/My Drive/CB Website
2026-07-03 07:23:17: Copy Over 'D:/CraftBeacon/assets/Logo-NoBG.png' -> 'H:/My Drive/CB Website/assets/Logo-NoBG.png' (34,919)
2026-07-03 07:23:17: Copy Over 'D:/CraftBeacon/assets/fresnel2.jpg' -> 'H:/My Drive/CB Website/assets/fresnel2.jpg' (232,519)
2026-07-03 07:23:17: Copy Over 'D:/CraftBeacon/assets/philosophy.jpg' -> 'H:/My Drive/CB Website/assets/philosophy.jpg' (109,960)
2026-07-03 07:23:18: Copy Over 'D:/CraftBeacon/assets/quill-lane.jpg' -> 'H:/My Drive/CB Website/assets/quill-lane.jpg' (389,191)
2026-07-03 07:23:18: Copy Over 'D:/CraftBeacon/assets/resource-pg.jpg' -> 'H:/My Drive/CB Website/assets/resource-pg.jpg' (287,825)
2026-07-03 07:23:18: Save State File D:/CraftBeacon/_gsdata_/_file_state_v4._gs
2026-07-03 07:23:18: Save State File H:/My Drive/CB Website/_gsdata_/_file_state_v4._gs
2026-07-03 07:23:18: == Sync Complete. Time: 00:00:01, Speed: 0.00/s, OK: 5, Errors: 0
